<?xml version="1.0" encoding="UTF-8"?>
<testsuite name="rspec" tests="34" skipped="0" failures="0" errors="0" time="2.092182" timestamp="2024-08-08T16:15:36-03:00" hostname="DESKTOP-3H3HTK5">
<properties>
<property name="seed" value="54243"/>
</properties>
<testcase classname="spec.scenarios.booking_post_spec" name="POST /esquipos/{equipo_id}/bookings solicitar locacao deve retornar 200" file="./spec/scenarios/booking_post_spec.rb" time="0.005728"></testcase>
<testcase classname="spec.scenarios.equipo_delet_spec" name="GET /equipos/{equipo_id} obter unico equipo deve retornar 204" file="./spec/scenarios/equipo_delet_spec.rb" time="0.000486"></testcase>
<testcase classname="spec.scenarios.equipo_delet_spec" name="GET /equipos/{equipo_id} equipo nao existe deve retornar 204" file="./spec/scenarios/equipo_delet_spec.rb" time="0.000216"></testcase>
<testcase classname="spec.scenarios.equipo_get_spec" name="GET /equipos/{equipo_id} obter unico equipo deve retornar 200" file="./spec/scenarios/equipo_get_spec.rb" time="0.000251"></testcase>
<testcase classname="spec.scenarios.equipo_get_spec" name="GET /equipos/{equipo_id} obter unico equipo deve retornar o nome" file="./spec/scenarios/equipo_get_spec.rb" time="0.013600"></testcase>
<testcase classname="spec.scenarios.equipo_get_spec" name="GET /equipos/{equipo_id} equipo nao existe deve retornar 404" file="./spec/scenarios/equipo_get_spec.rb" time="0.000248"></testcase>
<testcase classname="spec.scenarios.equipo_get_spec" name="GET /equipos obter uma lista deve retornar 200" file="./spec/scenarios/equipo_get_spec.rb" time="0.000217"></testcase>
<testcase classname="spec.scenarios.equipo_get_spec" name="GET /equipos obter uma lista deve retornar uma lista de equipos" file="./spec/scenarios/equipo_get_spec.rb" time="0.011592"></testcase>
<testcase classname="spec.scenarios.equipo_post_spec" name="POST/ equipos novo equipo deve retornar 200" file="./spec/scenarios/equipo_post_spec.rb" time="0.000208"></testcase>
<testcase classname="spec.scenarios.equipo_post_spec" name="POST/ equipos nao autorizado deve retornar 401" file="./spec/scenarios/equipo_post_spec.rb" time="0.000171"></testcase>
<testcase classname="spec.scenarios.session_post_spec" name="POST /sessions login com sucesso valida status code" file="./spec/scenarios/session_post_spec.rb" time="0.000390"></testcase>
<testcase classname="spec.scenarios.session_post_spec" name="POST /sessions login com sucesso valida id do usuário" file="./spec/scenarios/session_post_spec.rb" time="0.000266"></testcase>
<testcase classname="spec.scenarios.session_post_spec" name="POST /sessions senha incorreta valida status code 401" file="./spec/scenarios/session_post_spec.rb" time="0.000217"></testcase>
<testcase classname="spec.scenarios.session_post_spec" name="POST /sessions senha incorreta valida id do usuário" file="./spec/scenarios/session_post_spec.rb" time="0.000402"></testcase>
<testcase classname="spec.scenarios.session_post_spec" name="POST /sessions usuario nao existe valida status code 401" file="./spec/scenarios/session_post_spec.rb" time="0.000220"></testcase>
<testcase classname="spec.scenarios.session_post_spec" name="POST /sessions usuario nao existe valida id do usuário" file="./spec/scenarios/session_post_spec.rb" time="0.000734"></testcase>
<testcase classname="spec.scenarios.session_post_spec" name="POST /sessions email em branco valida status code 412" file="./spec/scenarios/session_post_spec.rb" time="0.000362"></testcase>
<testcase classname="spec.scenarios.session_post_spec" name="POST /sessions email em branco valida id do usuário" file="./spec/scenarios/session_post_spec.rb" time="0.000467"></testcase>
<testcase classname="spec.scenarios.session_post_spec" name="POST /sessions sem o campo email valida status code 412" file="./spec/scenarios/session_post_spec.rb" time="0.001343"></testcase>
<testcase classname="spec.scenarios.session_post_spec" name="POST /sessions sem o campo email valida id do usuário" file="./spec/scenarios/session_post_spec.rb" time="0.001108"></testcase>
<testcase classname="spec.scenarios.session_post_spec" name="POST /sessions senha em branco valida status code 412" file="./spec/scenarios/session_post_spec.rb" time="0.000273"></testcase>
<testcase classname="spec.scenarios.session_post_spec" name="POST /sessions senha em branco valida id do usuário" file="./spec/scenarios/session_post_spec.rb" time="0.000350"></testcase>
<testcase classname="spec.scenarios.session_post_spec" name="POST /sessions sem o campo senha valida status code 412" file="./spec/scenarios/session_post_spec.rb" time="0.000283"></testcase>
<testcase classname="spec.scenarios.session_post_spec" name="POST /sessions sem o campo senha valida id do usuário" file="./spec/scenarios/session_post_spec.rb" time="0.000730"></testcase>
<testcase classname="spec.scenarios.signup_post_spec" name="POST /singup novo usuario valida status code" file="./spec/scenarios/signup_post_spec.rb" time="0.000685"></testcase>
<testcase classname="spec.scenarios.signup_post_spec" name="POST /singup novo usuario valida id do usuário" file="./spec/scenarios/signup_post_spec.rb" time="0.000399"></testcase>
<testcase classname="spec.scenarios.signup_post_spec" name="POST /singup usuario ja existe deve retornar 409" file="./spec/scenarios/signup_post_spec.rb" time="0.000177"></testcase>
<testcase classname="spec.scenarios.signup_post_spec" name="POST /singup usuario ja existe deve retornar mensagem" file="./spec/scenarios/signup_post_spec.rb" time="0.000209"></testcase>
<testcase classname="spec.scenarios.signup_post_spec" name="POST /singup nome e obrigatorio deve retornar 412" file="./spec/scenarios/signup_post_spec.rb" time="0.000188"></testcase>
<testcase classname="spec.scenarios.signup_post_spec" name="POST /singup nome e obrigatorio deve retornar mensagem" file="./spec/scenarios/signup_post_spec.rb" time="0.000372"></testcase>
<testcase classname="spec.scenarios.signup_post_spec" name="POST /singup email e obrigatorio deve retornar 412" file="./spec/scenarios/signup_post_spec.rb" time="0.000227"></testcase>
<testcase classname="spec.scenarios.signup_post_spec" name="POST /singup email e obrigatorio deve retornar mensagem" file="./spec/scenarios/signup_post_spec.rb" time="0.000510"></testcase>
<testcase classname="spec.scenarios.signup_post_spec" name="POST /singup password e obrigatorio deve retornar 412" file="./spec/scenarios/signup_post_spec.rb" time="0.000385"></testcase>
<testcase classname="spec.scenarios.signup_post_spec" name="POST /singup password e obrigatorio deve retornar mensagem" file="./spec/scenarios/signup_post_spec.rb" time="0.000294"></testcase>
</testsuite>
